2019-07-19 19:47:15.677  INFO 15846 --- [main] c.c.c.ConfigServicePropertySourceLocator : Fetching config from server at : http://localhost:8888
2019-07-19 19:47:16.205  INFO 15846 --- [main] c.c.c.ConfigServicePropertySourceLocator : Located environment: name=SpringBootJwtAuthentication, profiles=[int], label=dev, version=a15f748b4d487263e9849926b914c102af948726, state=null
2019-07-19 19:47:16.206  INFO 15846 --- [main] b.c.PropertySourceBootstrapConfiguration : Located property source: CompositePropertySource {name='configService', propertySources=[MapPropertySource {name='configClient'}, MapPropertySource {name='https://github.com/manojchaulagain/config.git/SpringBootJwtAuthentication-int.properties'}]}
2019-07-19 19:47:16.240  INFO 15846 --- [main] c.config.client.ConfigClientApplication  : The following profiles are active: int
2019-07-19 19:47:17.069  INFO 15846 --- [main] o.s.cloud.context.scope.GenericScope     : BeanFactory id=8c434917-a626-3c34-ad64-aea8c15551a7
2019-07-19 19:47:17.095  INFO 15846 --- [main] trationDelegate$BeanPostProcessorChecker : Bean 'org.springframework.cloud.autoconfigure.ConfigurationPropertiesRebinderAutoConfiguration' of type [org.springframework.cloud.autoconfigure.ConfigurationPropertiesRebinderAutoConfiguration$$EnhancerBySpringCGLIB$$13251f53] is not eligible for getting processed by all BeanPostProcessors (for example: not eligible for auto-proxying)
2019-07-19 19:47:17.314  INFO 15846 --- [main] o.s.b.w.embedded.tomcat.TomcatWebServer  : Tomcat initialized with port(s): 8080 (http)
2019-07-19 19:47:17.334  INFO 15846 --- [main] o.apache.catalina.core.StandardService   : Starting service [Tomcat]
2019-07-19 19:47:17.334  INFO 15846 --- [main] org.apache.catalina.core.StandardEngine  : Starting Servlet engine: [Apache Tomcat/9.0.21]
2019-07-19 19:47:17.417  INFO 15846 --- [main] o.a.c.c.C.[Tomcat].[localhost].[/]       : Initializing Spring embedded WebApplicationContext
2019-07-19 19:47:17.417  INFO 15846 --- [main] o.s.web.context.ContextLoader            : Root WebApplicationContext: initialization completed in 1167 ms
2019-07-19 19:47:17.817  INFO 15846 --- [main] o.s.b.a.e.web.ServletEndpointRegistrar   : Registered '/actuator/jolokia' to jolokia-actuator-endpoint
2019-07-19 19:47:18.015  INFO 15846 --- [main] o.s.s.concurrent.ThreadPoolTaskExecutor  : Initializing ExecutorService 'applicationTaskExecutor'
2019-07-19 19:47:18.352  INFO 15846 --- [main] o.s.s.web.DefaultSecurityFilterChain     : Creating filter chain: any request, [org.springframework.security.web.context.request.async.WebAsyncManagerIntegrationFilter@3a2546d6, org.springframework.security.web.context.SecurityContextPersistenceFilter@514377fc, org.springframework.security.web.header.HeaderWriterFilter@267891bf, org.springframework.security.web.csrf.CsrfFilter@716f94c1, org.springframework.security.web.authentication.logout.LogoutFilter@70b33256, org.springframework.security.web.authentication.www.BasicAuthenticationFilter@714e861f, org.springframework.security.web.savedrequest.RequestCacheAwareFilter@7b5021d1, org.springframework.security.web.servletapi.SecurityContextHolderAwareRequestFilter@10a907ec, org.springframework.security.web.authentication.AnonymousAuthenticationFilter@7282af25, org.springframework.security.web.session.SessionManagementFilter@4662752a, org.springframework.security.web.access.ExceptionTranslationFilter@20216016, org.springframework.security.web.access.intercept.FilterSecurityInterceptor@7c4b5ceb]
2019-07-19 19:47:18.373  INFO 15846 --- [main] o.s.b.a.e.web.EndpointLinksResolver      : Exposing 21 endpoint(s) beneath base path '/actuator'
2019-07-19 19:47:18.509  INFO 15846 --- [main] o.s.b.w.embedded.tomcat.TomcatWebServer  : Tomcat started on port(s): 8080 (http) with context path ''
2019-07-19 19:47:18.512  INFO 15846 --- [main] c.config.client.ConfigClientApplication  : Started ConfigClientApplication in 3.686 seconds (JVM running for 4.166)
2019-07-19 19:47:19.282  INFO 15846 --- [RMI TCP Connection(2)-10.0.0.166] o.a.c.c.C.[Tomcat].[localhost].[/]       : Initializing Spring DispatcherServlet 'dispatcherServlet'
2019-07-19 19:47:19.282  INFO 15846 --- [RMI TCP Connection(2)-10.0.0.166] o.s.web.servlet.DispatcherServlet        : Initializing Servlet 'dispatcherServlet'
2019-07-19 19:47:19.282  INFO 15846 --- [RMI TCP Connection(3)-10.0.0.166] c.c.c.ConfigServicePropertySourceLocator : Fetching config from server at : http://localhost:8888
2019-07-19 19:47:19.295  INFO 15846 --- [RMI TCP Connection(2)-10.0.0.166] o.s.web.servlet.DispatcherServlet        : Completed initialization in 13 ms
2019-07-19 19:47:19.634  INFO 15846 --- [RMI TCP Connection(3)-10.0.0.166] c.c.c.ConfigServicePropertySourceLocator : Located environment: name=SpringBootJwtAuthentication, profiles=[int], label=dev, version=a15f748b4d487263e9849926b914c102af948726, state=null
2019-07-19 19:51:02.854  INFO 15846 --- [http-nio-8080-exec-3] o.a.c.c.C.[Tomcat].[localhost].[/]       : jolokia-actuator-endpoint: No access restrictor found, access to any MBean is allowed
2019-07-19 19:53:09.587  INFO 15846 --- [http-nio-8080-exec-1] c.c.c.ConfigServicePropertySourceLocator : Fetching config from server at : http://localhost:8888
2019-07-19 19:53:09.993  INFO 15846 --- [http-nio-8080-exec-1] c.c.c.ConfigServicePropertySourceLocator : Located environment: name=SpringBootJwtAuthentication, profiles=[int], label=dev, version=a15f748b4d487263e9849926b914c102af948726, state=null
2019-07-19 19:59:53.965  INFO 15846 --- [Thread-9] o.s.s.concurrent.ThreadPoolTaskExecutor  : Shutting down ExecutorService 'applicationTaskExecutor'
2019-07-19 20:10:23.358  INFO 16344 --- [main] c.c.c.ConfigServicePropertySourceLocator : Fetching config from server at : http://localhost:8888
2019-07-19 20:10:23.890  INFO 16344 --- [main] c.c.c.ConfigServicePropertySourceLocator : Located environment: name=SpringBootJwtAuthentication, profiles=[int], label=dev, version=a15f748b4d487263e9849926b914c102af948726, state=null
2019-07-19 20:10:23.890  INFO 16344 --- [main] b.c.PropertySourceBootstrapConfiguration : Located property source: CompositePropertySource {name='configService', propertySources=[MapPropertySource {name='configClient'}, MapPropertySource {name='https://github.com/manojchaulagain/config.git/SpringBootJwtAuthentication-int.properties'}]}
2019-07-19 20:10:23.918  INFO 16344 --- [main] c.config.client.ConfigClientApplication  : The following profiles are active: int
2019-07-19 20:10:24.556  INFO 16344 --- [main] o.s.cloud.context.scope.GenericScope     : BeanFactory id=8c434917-a626-3c34-ad64-aea8c15551a7
2019-07-19 20:10:24.579  INFO 16344 --- [main] trationDelegate$BeanPostProcessorChecker : Bean 'org.springframework.cloud.autoconfigure.ConfigurationPropertiesRebinderAutoConfiguration' of type [org.springframework.cloud.autoconfigure.ConfigurationPropertiesRebinderAutoConfiguration$$EnhancerBySpringCGLIB$$84e80c31] is not eligible for getting processed by all BeanPostProcessors (for example: not eligible for auto-proxying)
2019-07-19 20:10:24.747  INFO 16344 --- [main] o.s.b.w.embedded.tomcat.TomcatWebServer  : Tomcat initialized with port(s): 8080 (http)
2019-07-19 20:10:24.767  INFO 16344 --- [main] o.apache.catalina.core.StandardService   : Starting service [Tomcat]
2019-07-19 20:10:24.768  INFO 16344 --- [main] org.apache.catalina.core.StandardEngine  : Starting Servlet engine: [Apache Tomcat/9.0.21]
2019-07-19 20:10:24.850  INFO 16344 --- [main] o.a.c.c.C.[Tomcat].[localhost].[/]       : Initializing Spring embedded WebApplicationContext
2019-07-19 20:10:24.850  INFO 16344 --- [main] o.s.web.context.ContextLoader            : Root WebApplicationContext: initialization completed in 922 ms
2019-07-19 20:10:25.274  INFO 16344 --- [main] o.s.b.a.e.web.ServletEndpointRegistrar   : Registered '/actuator/jolokia' to jolokia-actuator-endpoint
2019-07-19 20:10:25.483  INFO 16344 --- [main] o.s.s.concurrent.ThreadPoolTaskExecutor  : Initializing ExecutorService 'applicationTaskExecutor'
2019-07-19 20:10:25.840  INFO 16344 --- [main] o.s.s.web.DefaultSecurityFilterChain     : Creating filter chain: any request, [org.springframework.security.web.context.request.async.WebAsyncManagerIntegrationFilter@3cb6e0ee, org.springframework.security.web.context.SecurityContextPersistenceFilter@36c07c75, org.springframework.security.web.header.HeaderWriterFilter@26da1ba2, org.springframework.security.web.csrf.CsrfFilter@138f0661, org.springframework.security.web.authentication.logout.LogoutFilter@3457cc8d, org.springframework.security.web.authentication.www.BasicAuthenticationFilter@3a788fe0, org.springframework.security.web.savedrequest.RequestCacheAwareFilter@5d850a25, org.springframework.security.web.servletapi.SecurityContextHolderAwareRequestFilter@21b51e59, org.springframework.security.web.authentication.AnonymousAuthenticationFilter@7b6141f0, org.springframework.security.web.session.SessionManagementFilter@7739aac4, org.springframework.security.web.access.ExceptionTranslationFilter@6889f56f, org.springframework.security.web.access.intercept.FilterSecurityInterceptor@234cd86c]
2019-07-19 20:10:25.859  INFO 16344 --- [main] o.s.b.a.e.web.EndpointLinksResolver      : Exposing 21 endpoint(s) beneath base path '/actuator'
2019-07-19 20:10:26.017  INFO 16344 --- [main] o.s.b.w.embedded.tomcat.TomcatWebServer  : Tomcat started on port(s): 8080 (http) with context path ''
2019-07-19 20:10:26.019  INFO 16344 --- [main] c.config.client.ConfigClientApplication  : Started ConfigClientApplication in 3.413 seconds (JVM running for 3.973)
2019-07-19 20:10:26.298  INFO 16344 --- [RMI TCP Connection(2)-10.0.0.166] o.a.c.c.C.[Tomcat].[localhost].[/]       : Initializing Spring DispatcherServlet 'dispatcherServlet'
2019-07-19 20:10:26.299  INFO 16344 --- [RMI TCP Connection(2)-10.0.0.166] o.s.web.servlet.DispatcherServlet        : Initializing Servlet 'dispatcherServlet'
2019-07-19 20:10:26.299  INFO 16344 --- [RMI TCP Connection(1)-10.0.0.166] c.c.c.ConfigServicePropertySourceLocator : Fetching config from server at : http://localhost:8888
2019-07-19 20:10:26.307  INFO 16344 --- [RMI TCP Connection(2)-10.0.0.166] o.s.web.servlet.DispatcherServlet        : Completed initialization in 8 ms
2019-07-19 20:10:26.668  INFO 16344 --- [RMI TCP Connection(1)-10.0.0.166] c.c.c.ConfigServicePropertySourceLocator : Located environment: name=SpringBootJwtAuthentication, profiles=[int], label=dev, version=a15f748b4d487263e9849926b914c102af948726, state=null
2019-07-19 20:24:08.796  INFO 16344 --- [Thread-8] o.s.s.concurrent.ThreadPoolTaskExecutor  : Shutting down ExecutorService 'applicationTaskExecutor'
2019-07-19 20:24:20.550  INFO 16395 --- [main] c.c.c.ConfigServicePropertySourceLocator : Fetching config from server at : http://localhost:8888
2019-07-19 20:24:21.068  INFO 16395 --- [main] c.c.c.ConfigServicePropertySourceLocator : Located environment: name=SpringBootJwtAuthentication, profiles=[int], label=dev, version=a15f748b4d487263e9849926b914c102af948726, state=null
2019-07-19 20:24:21.068  INFO 16395 --- [main] b.c.PropertySourceBootstrapConfiguration : Located property source: CompositePropertySource {name='configService', propertySources=[MapPropertySource {name='configClient'}, MapPropertySource {name='https://github.com/manojchaulagain/config.git/SpringBootJwtAuthentication-int.properties'}]}
2019-07-19 20:24:21.096  INFO 16395 --- [main] c.config.client.ConfigClientApplication  : The following profiles are active: int
2019-07-19 20:24:21.812  INFO 16395 --- [main] o.s.cloud.context.scope.GenericScope     : BeanFactory id=eb4ab97e-4e12-3d61-8933-771a1938cb52
2019-07-19 20:24:21.833  INFO 16395 --- [main] trationDelegate$BeanPostProcessorChecker : Bean 'org.springframework.cloud.autoconfigure.ConfigurationPropertiesRebinderAutoConfiguration' of type [org.springframework.cloud.autoconfigure.ConfigurationPropertiesRebinderAutoConfiguration$$EnhancerBySpringCGLIB$$e6fb1704] is not eligible for getting processed by all BeanPostProcessors (for example: not eligible for auto-proxying)
2019-07-19 20:24:21.990  INFO 16395 --- [main] o.s.b.w.embedded.tomcat.TomcatWebServer  : Tomcat initialized with port(s): 8080 (http)
2019-07-19 20:24:22.007  INFO 16395 --- [main] o.apache.catalina.core.StandardService   : Starting service [Tomcat]
2019-07-19 20:24:22.007  INFO 16395 --- [main] org.apache.catalina.core.StandardEngine  : Starting Servlet engine: [Apache Tomcat/9.0.21]
2019-07-19 20:24:22.108  INFO 16395 --- [main] o.a.c.c.C.[Tomcat].[localhost].[/]       : Initializing Spring embedded WebApplicationContext
2019-07-19 20:24:22.109  INFO 16395 --- [main] o.s.web.context.ContextLoader            : Root WebApplicationContext: initialization completed in 1003 ms
2019-07-19 20:24:22.485  INFO 16395 --- [main] o.s.b.a.e.web.ServletEndpointRegistrar   : Registered '/actuator/jolokia' to jolokia-actuator-endpoint
2019-07-19 20:24:22.687  INFO 16395 --- [main] o.s.s.concurrent.ThreadPoolTaskExecutor  : Initializing ExecutorService 'applicationTaskExecutor'
2019-07-19 20:24:22.795  WARN 16395 --- [main] ion$DefaultTemplateResolverConfiguration : Cannot find template location: classpath:/templates/ (please add some templates or check your Thymeleaf configuration)
2019-07-19 20:24:23.406  INFO 16395 --- [main] o.s.s.web.DefaultSecurityFilterChain     : Creating filter chain: any request, [org.springframework.security.web.context.request.async.WebAsyncManagerIntegrationFilter@352e5a82, org.springframework.security.web.context.SecurityContextPersistenceFilter@8851ec, org.springframework.security.web.header.HeaderWriterFilter@543b0737, org.springframework.security.web.csrf.CsrfFilter@1109730f, org.springframework.security.web.authentication.logout.LogoutFilter@4bdb04c8, org.springframework.security.web.authentication.www.BasicAuthenticationFilter@7de6549d, org.springframework.security.web.savedrequest.RequestCacheAwareFilter@7198ab9a, org.springframework.security.web.servletapi.SecurityContextHolderAwareRequestFilter@24aedcc5, org.springframework.security.web.authentication.AnonymousAuthenticationFilter@315b5913, org.springframework.security.web.session.SessionManagementFilter@6451a288, org.springframework.security.web.access.ExceptionTranslationFilter@1e471884, org.springframework.security.web.access.intercept.FilterSecurityInterceptor@7c421952]
2019-07-19 20:24:23.428  INFO 16395 --- [main] o.s.b.a.e.web.EndpointLinksResolver      : Exposing 21 endpoint(s) beneath base path '/actuator'
2019-07-19 20:24:23.602  INFO 16395 --- [main] o.s.b.w.embedded.tomcat.TomcatWebServer  : Tomcat started on port(s): 8080 (http) with context path ''
2019-07-19 20:24:23.604  INFO 16395 --- [main] c.config.client.ConfigClientApplication  : Started ConfigClientApplication in 3.802 seconds (JVM running for 6.278)
2019-07-19 20:24:23.889  INFO 16395 --- [RMI TCP Connection(2)-10.0.0.166] o.a.c.c.C.[Tomcat].[localhost].[/]       : Initializing Spring DispatcherServlet 'dispatcherServlet'
2019-07-19 20:24:23.890  INFO 16395 --- [RMI TCP Connection(2)-10.0.0.166] o.s.web.servlet.DispatcherServlet        : Initializing Servlet 'dispatcherServlet'
2019-07-19 20:24:23.892  INFO 16395 --- [RMI TCP Connection(1)-10.0.0.166] c.c.c.ConfigServicePropertySourceLocator : Fetching config from server at : http://localhost:8888
2019-07-19 20:24:23.897  INFO 16395 --- [RMI TCP Connection(2)-10.0.0.166] o.s.web.servlet.DispatcherServlet        : Completed initialization in 7 ms
2019-07-19 20:24:24.278  INFO 16395 --- [RMI TCP Connection(1)-10.0.0.166] c.c.c.ConfigServicePropertySourceLocator : Located environment: name=SpringBootJwtAuthentication, profiles=[int], label=dev, version=a15f748b4d487263e9849926b914c102af948726, state=null
2019-07-19 20:25:01.060  INFO 16395 --- [Thread-12] o.s.s.concurrent.ThreadPoolTaskExecutor  : Shutting down ExecutorService 'applicationTaskExecutor'
2019-07-19 20:25:08.604  INFO 16405 --- [main] c.c.c.ConfigServicePropertySourceLocator : Fetching config from server at : http://localhost:8888
2019-07-19 20:25:09.055  INFO 16405 --- [main] c.c.c.ConfigServicePropertySourceLocator : Located environment: name=SpringBootJwtAuthentication, profiles=[int], label=dev, version=a15f748b4d487263e9849926b914c102af948726, state=null
2019-07-19 20:25:09.055  INFO 16405 --- [main] b.c.PropertySourceBootstrapConfiguration : Located property source: CompositePropertySource {name='configService', propertySources=[MapPropertySource {name='configClient'}, MapPropertySource {name='https://github.com/manojchaulagain/config.git/SpringBootJwtAuthentication-int.properties'}]}
2019-07-19 20:25:09.079  INFO 16405 --- [main] c.config.client.ConfigClientApplication  : The following profiles are active: int
2019-07-19 20:25:09.795  INFO 16405 --- [main] o.s.cloud.context.scope.GenericScope     : BeanFactory id=eb4ab97e-4e12-3d61-8933-771a1938cb52
2019-07-19 20:25:09.820  INFO 16405 --- [main] trationDelegate$BeanPostProcessorChecker : Bean 'org.springframework.cloud.autoconfigure.ConfigurationPropertiesRebinderAutoConfiguration' of type [org.springframework.cloud.autoconfigure.ConfigurationPropertiesRebinderAutoConfiguration$$EnhancerBySpringCGLIB$$e6fb1704] is not eligible for getting processed by all BeanPostProcessors (for example: not eligible for auto-proxying)
2019-07-19 20:25:10.006  INFO 16405 --- [main] o.s.b.w.embedded.tomcat.TomcatWebServer  : Tomcat initialized with port(s): 8080 (http)
2019-07-19 20:25:10.028  INFO 16405 --- [main] o.apache.catalina.core.StandardService   : Starting service [Tomcat]
2019-07-19 20:25:10.029  INFO 16405 --- [main] org.apache.catalina.core.StandardEngine  : Starting Servlet engine: [Apache Tomcat/9.0.21]
2019-07-19 20:25:10.127  INFO 16405 --- [main] o.a.c.c.C.[Tomcat].[localhost].[/]       : Initializing Spring embedded WebApplicationContext
2019-07-19 20:25:10.128  INFO 16405 --- [main] o.s.web.context.ContextLoader            : Root WebApplicationContext: initialization completed in 1040 ms
2019-07-19 20:25:10.583  INFO 16405 --- [main] o.s.b.a.e.web.ServletEndpointRegistrar   : Registered '/actuator/jolokia' to jolokia-actuator-endpoint
2019-07-19 20:25:10.836  INFO 16405 --- [main] o.s.s.concurrent.ThreadPoolTaskExecutor  : Initializing ExecutorService 'applicationTaskExecutor'
2019-07-19 20:25:10.926  WARN 16405 --- [main] ion$DefaultTemplateResolverConfiguration : Cannot find template location: classpath:/templates/ (please add some templates or check your Thymeleaf configuration)
2019-07-19 20:25:11.466  INFO 16405 --- [main] o.s.s.web.DefaultSecurityFilterChain     : Creating filter chain: any request, [org.springframework.security.web.context.request.async.WebAsyncManagerIntegrationFilter@6aa6c17, org.springframework.security.web.context.SecurityContextPersistenceFilter@3f06ebe0, org.springframework.security.web.header.HeaderWriterFilter@4b3ad7ca, org.springframework.security.web.csrf.CsrfFilter@642c72cf, org.springframework.security.web.authentication.logout.LogoutFilter@3b362f1, org.springframework.security.web.authentication.www.BasicAuthenticationFilter@36525ab, org.springframework.security.web.savedrequest.RequestCacheAwareFilter@5ed65e4b, org.springframework.security.web.servletapi.SecurityContextHolderAwareRequestFilter@27261190, org.springframework.security.web.authentication.AnonymousAuthenticationFilter@4756e5cc, org.springframework.security.web.session.SessionManagementFilter@60652518, org.springframework.security.web.access.ExceptionTranslationFilter@64ec1459, org.springframework.security.web.access.intercept.FilterSecurityInterceptor@20dd5870]
2019-07-19 20:25:11.488  INFO 16405 --- [main] o.s.b.a.e.web.EndpointLinksResolver      : Exposing 21 endpoint(s) beneath base path '/actuator'
2019-07-19 20:25:11.645  INFO 16405 --- [main] o.s.b.w.embedded.tomcat.TomcatWebServer  : Tomcat started on port(s): 8080 (http) with context path ''
2019-07-19 20:25:11.648  INFO 16405 --- [main] c.config.client.ConfigClientApplication  : Started ConfigClientApplication in 3.682 seconds (JVM running for 4.125)
2019-07-19 20:25:12.754  INFO 16405 --- [RMI TCP Connection(5)-10.0.0.166] o.a.c.c.C.[Tomcat].[localhost].[/]       : Initializing Spring DispatcherServlet 'dispatcherServlet'
2019-07-19 20:25:12.754  INFO 16405 --- [RMI TCP Connection(5)-10.0.0.166] o.s.web.servlet.DispatcherServlet        : Initializing Servlet 'dispatcherServlet'
2019-07-19 20:25:12.756  INFO 16405 --- [RMI TCP Connection(4)-10.0.0.166] c.c.c.ConfigServicePropertySourceLocator : Fetching config from server at : http://localhost:8888
2019-07-19 20:25:12.766  INFO 16405 --- [RMI TCP Connection(5)-10.0.0.166] o.s.web.servlet.DispatcherServlet        : Completed initialization in 12 ms
2019-07-19 20:25:13.139  INFO 16405 --- [RMI TCP Connection(4)-10.0.0.166] c.c.c.ConfigServicePropertySourceLocator : Located environment: name=SpringBootJwtAuthentication, profiles=[int], label=dev, version=a15f748b4d487263e9849926b914c102af948726, state=null
2019-07-19 20:26:10.995 ERROR 16405 --- [http-nio-8080-exec-1] o.a.catalina.connector.CoyoteAdapter     : Exception while processing an asynchronous request

java.lang.IllegalStateException: Calling [asyncError()] is not valid for a request with Async state [MUST_DISPATCH]
	at org.apache.coyote.AsyncStateMachine.asyncError(AsyncStateMachine.java:440) ~[tomcat-embed-core-9.0.21.jar:9.0.21]
	at org.apache.coyote.AbstractProcessor.action(AbstractProcessor.java:512) [tomcat-embed-core-9.0.21.jar:9.0.21]
	at org.apache.coyote.Request.action(Request.java:430) ~[tomcat-embed-core-9.0.21.jar:9.0.21]
	at org.apache.catalina.core.AsyncContextImpl.setErrorState(AsyncContextImpl.java:401) ~[tomcat-embed-core-9.0.21.jar:9.0.21]
	at org.apache.catalina.connector.CoyoteAdapter.asyncDispatch(CoyoteAdapter.java:239) ~[tomcat-embed-core-9.0.21.jar:9.0.21]
	at org.apache.coyote.AbstractProcessor.dispatch(AbstractProcessor.java:241) [tomcat-embed-core-9.0.21.jar:9.0.21]
	at org.apache.coyote.AbstractProcessorLight.process(AbstractProcessorLight.java:53) [tomcat-embed-core-9.0.21.jar:9.0.21]
	at org.apache.coyote.AbstractProtocol$ConnectionHandler.process(AbstractProtocol.java:853) [tomcat-embed-core-9.0.21.jar:9.0.21]
	at org.apache.tomcat.util.net.NioEndpoint$SocketProcessor.doRun(NioEndpoint.java:1587) [tomcat-embed-core-9.0.21.jar:9.0.21]
	at org.apache.tomcat.util.net.SocketProcessorBase.run(SocketProcessorBase.java:49) [tomcat-embed-core-9.0.21.jar:9.0.21]
	at java.util.concurrent.ThreadPoolExecutor.runWorker(ThreadPoolExecutor.java:1149) [na:1.8.0_201]
	at java.util.concurrent.ThreadPoolExecutor$Worker.run(ThreadPoolExecutor.java:624) [na:1.8.0_201]
	at org.apache.tomcat.util.threads.TaskThread$WrappingRunnable.run(TaskThread.java:61) [tomcat-embed-core-9.0.21.jar:9.0.21]
	at java.lang.Thread.run(Thread.java:748) [na:1.8.0_201]

2019-07-19 20:26:26.861 ERROR 16405 --- [http-nio-8080-exec-10] o.a.catalina.connector.CoyoteAdapter     : Exception while processing an asynchronous request

java.lang.IllegalStateException: Calling [asyncError()] is not valid for a request with Async state [MUST_DISPATCH]
	at org.apache.coyote.AsyncStateMachine.asyncError(AsyncStateMachine.java:440) ~[tomcat-embed-core-9.0.21.jar:9.0.21]
	at org.apache.coyote.AbstractProcessor.action(AbstractProcessor.java:512) [tomcat-embed-core-9.0.21.jar:9.0.21]
	at org.apache.coyote.Request.action(Request.java:430) ~[tomcat-embed-core-9.0.21.jar:9.0.21]
	at org.apache.catalina.core.AsyncContextImpl.setErrorState(AsyncContextImpl.java:401) ~[tomcat-embed-core-9.0.21.jar:9.0.21]
	at org.apache.catalina.connector.CoyoteAdapter.asyncDispatch(CoyoteAdapter.java:239) ~[tomcat-embed-core-9.0.21.jar:9.0.21]
	at org.apache.coyote.AbstractProcessor.dispatch(AbstractProcessor.java:241) [tomcat-embed-core-9.0.21.jar:9.0.21]
	at org.apache.coyote.AbstractProcessorLight.process(AbstractProcessorLight.java:53) [tomcat-embed-core-9.0.21.jar:9.0.21]
	at org.apache.coyote.AbstractProtocol$ConnectionHandler.process(AbstractProtocol.java:853) [tomcat-embed-core-9.0.21.jar:9.0.21]
	at org.apache.tomcat.util.net.NioEndpoint$SocketProcessor.doRun(NioEndpoint.java:1587) [tomcat-embed-core-9.0.21.jar:9.0.21]
	at org.apache.tomcat.util.net.SocketProcessorBase.run(SocketProcessorBase.java:49) [tomcat-embed-core-9.0.21.jar:9.0.21]
	at java.util.concurrent.ThreadPoolExecutor.runWorker(ThreadPoolExecutor.java:1149) [na:1.8.0_201]
	at java.util.concurrent.ThreadPoolExecutor$Worker.run(ThreadPoolExecutor.java:624) [na:1.8.0_201]
	at org.apache.tomcat.util.threads.TaskThread$WrappingRunnable.run(TaskThread.java:61) [tomcat-embed-core-9.0.21.jar:9.0.21]
	at java.lang.Thread.run(Thread.java:748) [na:1.8.0_201]

2019-07-19 20:26:33.840 ERROR 16405 --- [http-nio-8080-exec-3] o.a.catalina.connector.CoyoteAdapter     : Exception while processing an asynchronous request

java.lang.IllegalStateException: Calling [asyncError()] is not valid for a request with Async state [MUST_DISPATCH]
	at org.apache.coyote.AsyncStateMachine.asyncError(AsyncStateMachine.java:440) ~[tomcat-embed-core-9.0.21.jar:9.0.21]
	at org.apache.coyote.AbstractProcessor.action(AbstractProcessor.java:512) [tomcat-embed-core-9.0.21.jar:9.0.21]
	at org.apache.coyote.Request.action(Request.java:430) ~[tomcat-embed-core-9.0.21.jar:9.0.21]
	at org.apache.catalina.core.AsyncContextImpl.setErrorState(AsyncContextImpl.java:401) ~[tomcat-embed-core-9.0.21.jar:9.0.21]
	at org.apache.catalina.connector.CoyoteAdapter.asyncDispatch(CoyoteAdapter.java:239) ~[tomcat-embed-core-9.0.21.jar:9.0.21]
	at org.apache.coyote.AbstractProcessor.dispatch(AbstractProcessor.java:241) [tomcat-embed-core-9.0.21.jar:9.0.21]
	at org.apache.coyote.AbstractProcessorLight.process(AbstractProcessorLight.java:53) [tomcat-embed-core-9.0.21.jar:9.0.21]
	at org.apache.coyote.AbstractProtocol$ConnectionHandler.process(AbstractProtocol.java:853) [tomcat-embed-core-9.0.21.jar:9.0.21]
	at org.apache.tomcat.util.net.NioEndpoint$SocketProcessor.doRun(NioEndpoint.java:1587) [tomcat-embed-core-9.0.21.jar:9.0.21]
	at org.apache.tomcat.util.net.SocketProcessorBase.run(SocketProcessorBase.java:49) [tomcat-embed-core-9.0.21.jar:9.0.21]
	at java.util.concurrent.ThreadPoolExecutor.runWorker(ThreadPoolExecutor.java:1149) [na:1.8.0_201]
	at java.util.concurrent.ThreadPoolExecutor$Worker.run(ThreadPoolExecutor.java:624) [na:1.8.0_201]
	at org.apache.tomcat.util.threads.TaskThread$WrappingRunnable.run(TaskThread.java:61) [tomcat-embed-core-9.0.21.jar:9.0.21]
	at java.lang.Thread.run(Thread.java:748) [na:1.8.0_201]

2019-07-19 20:28:04.997 ERROR 16405 --- [http-nio-8080-exec-1] o.a.catalina.connector.CoyoteAdapter     : Exception while processing an asynchronous request

java.lang.IllegalStateException: Calling [asyncError()] is not valid for a request with Async state [MUST_DISPATCH]
	at org.apache.coyote.AsyncStateMachine.asyncError(AsyncStateMachine.java:440) ~[tomcat-embed-core-9.0.21.jar:9.0.21]
	at org.apache.coyote.AbstractProcessor.action(AbstractProcessor.java:512) [tomcat-embed-core-9.0.21.jar:9.0.21]
	at org.apache.coyote.Request.action(Request.java:430) ~[tomcat-embed-core-9.0.21.jar:9.0.21]
	at org.apache.catalina.core.AsyncContextImpl.setErrorState(AsyncContextImpl.java:401) ~[tomcat-embed-core-9.0.21.jar:9.0.21]
	at org.apache.catalina.connector.CoyoteAdapter.asyncDispatch(CoyoteAdapter.java:239) ~[tomcat-embed-core-9.0.21.jar:9.0.21]
	at org.apache.coyote.AbstractProcessor.dispatch(AbstractProcessor.java:241) [tomcat-embed-core-9.0.21.jar:9.0.21]
	at org.apache.coyote.AbstractProcessorLight.process(AbstractProcessorLight.java:53) [tomcat-embed-core-9.0.21.jar:9.0.21]
	at org.apache.coyote.AbstractProtocol$ConnectionHandler.process(AbstractProtocol.java:853) [tomcat-embed-core-9.0.21.jar:9.0.21]
	at org.apache.tomcat.util.net.NioEndpoint$SocketProcessor.doRun(NioEndpoint.java:1587) [tomcat-embed-core-9.0.21.jar:9.0.21]
	at org.apache.tomcat.util.net.SocketProcessorBase.run(SocketProcessorBase.java:49) [tomcat-embed-core-9.0.21.jar:9.0.21]
	at java.util.concurrent.ThreadPoolExecutor.runWorker(ThreadPoolExecutor.java:1149) [na:1.8.0_201]
	at java.util.concurrent.ThreadPoolExecutor$Worker.run(ThreadPoolExecutor.java:624) [na:1.8.0_201]
	at org.apache.tomcat.util.threads.TaskThread$WrappingRunnable.run(TaskThread.java:61) [tomcat-embed-core-9.0.21.jar:9.0.21]
	at java.lang.Thread.run(Thread.java:748) [na:1.8.0_201]

2019-07-19 20:28:21.792 ERROR 16405 --- [http-nio-8080-exec-9] o.a.catalina.connector.CoyoteAdapter     : Exception while processing an asynchronous request

java.lang.IllegalStateException: Calling [asyncError()] is not valid for a request with Async state [MUST_DISPATCH]
	at org.apache.coyote.AsyncStateMachine.asyncError(AsyncStateMachine.java:440) ~[tomcat-embed-core-9.0.21.jar:9.0.21]
	at org.apache.coyote.AbstractProcessor.action(AbstractProcessor.java:512) [tomcat-embed-core-9.0.21.jar:9.0.21]
	at org.apache.coyote.Request.action(Request.java:430) ~[tomcat-embed-core-9.0.21.jar:9.0.21]
	at org.apache.catalina.core.AsyncContextImpl.setErrorState(AsyncContextImpl.java:401) ~[tomcat-embed-core-9.0.21.jar:9.0.21]
	at org.apache.catalina.connector.CoyoteAdapter.asyncDispatch(CoyoteAdapter.java:239) ~[tomcat-embed-core-9.0.21.jar:9.0.21]
	at org.apache.coyote.AbstractProcessor.dispatch(AbstractProcessor.java:241) [tomcat-embed-core-9.0.21.jar:9.0.21]
	at org.apache.coyote.AbstractProcessorLight.process(AbstractProcessorLight.java:53) [tomcat-embed-core-9.0.21.jar:9.0.21]
	at org.apache.coyote.AbstractProtocol$ConnectionHandler.process(AbstractProtocol.java:853) [tomcat-embed-core-9.0.21.jar:9.0.21]
	at org.apache.tomcat.util.net.NioEndpoint$SocketProcessor.doRun(NioEndpoint.java:1587) [tomcat-embed-core-9.0.21.jar:9.0.21]
	at org.apache.tomcat.util.net.SocketProcessorBase.run(SocketProcessorBase.java:49) [tomcat-embed-core-9.0.21.jar:9.0.21]
	at java.util.concurrent.ThreadPoolExecutor.runWorker(ThreadPoolExecutor.java:1149) [na:1.8.0_201]
	at java.util.concurrent.ThreadPoolExecutor$Worker.run(ThreadPoolExecutor.java:624) [na:1.8.0_201]
	at org.apache.tomcat.util.threads.TaskThread$WrappingRunnable.run(TaskThread.java:61) [tomcat-embed-core-9.0.21.jar:9.0.21]
	at java.lang.Thread.run(Thread.java:748) [na:1.8.0_201]

2019-07-19 20:28:59.932  INFO 16405 --- [Thread-10] o.s.s.concurrent.ThreadPoolTaskExecutor  : Shutting down ExecutorService 'applicationTaskExecutor'
2019-07-19 20:30:45.155  INFO 16429 --- [main] c.c.c.ConfigServicePropertySourceLocator : Fetching config from server at : http://localhost:8888
2019-07-19 20:30:46.663  INFO 16429 --- [main] c.c.c.ConfigServicePropertySourceLocator : Located environment: name=SpringBootJwtAuthentication, profiles=[int], label=dev, version=a15f748b4d487263e9849926b914c102af948726, state=null
2019-07-19 20:30:46.663  INFO 16429 --- [main] b.c.PropertySourceBootstrapConfiguration : Located property source: CompositePropertySource {name='configService', propertySources=[MapPropertySource {name='configClient'}, MapPropertySource {name='https://github.com/manojchaulagain/config.git/SpringBootJwtAuthentication-int.properties'}]}
2019-07-19 20:30:46.692  INFO 16429 --- [main] c.config.client.ConfigClientApplication  : The following profiles are active: int
2019-07-19 20:30:47.331  INFO 16429 --- [main] o.s.cloud.context.scope.GenericScope     : BeanFactory id=8c434917-a626-3c34-ad64-aea8c15551a7
2019-07-19 20:30:47.350  INFO 16429 --- [main] trationDelegate$BeanPostProcessorChecker : Bean 'org.springframework.cloud.autoconfigure.ConfigurationPropertiesRebinderAutoConfiguration' of type [org.springframework.cloud.autoconfigure.ConfigurationPropertiesRebinderAutoConfiguration$$EnhancerBySpringCGLIB$$45b9ba0a] is not eligible for getting processed by all BeanPostProcessors (for example: not eligible for auto-proxying)
2019-07-19 20:30:47.492  INFO 16429 --- [main] o.s.b.w.embedded.tomcat.TomcatWebServer  : Tomcat initialized with port(s): 8080 (http)
2019-07-19 20:30:47.510  INFO 16429 --- [main] o.apache.catalina.core.StandardService   : Starting service [Tomcat]
2019-07-19 20:30:47.510  INFO 16429 --- [main] org.apache.catalina.core.StandardEngine  : Starting Servlet engine: [Apache Tomcat/9.0.21]
2019-07-19 20:30:47.581  INFO 16429 --- [main] o.a.c.c.C.[Tomcat].[localhost].[/]       : Initializing Spring embedded WebApplicationContext
2019-07-19 20:30:47.581  INFO 16429 --- [main] o.s.web.context.ContextLoader            : Root WebApplicationContext: initialization completed in 879 ms
2019-07-19 20:30:47.924  INFO 16429 --- [main] o.s.b.a.e.web.ServletEndpointRegistrar   : Registered '/actuator/jolokia' to jolokia-actuator-endpoint
2019-07-19 20:30:48.095  INFO 16429 --- [main] o.s.s.concurrent.ThreadPoolTaskExecutor  : Initializing ExecutorService 'applicationTaskExecutor'
2019-07-19 20:30:48.412  INFO 16429 --- [main] o.s.s.web.DefaultSecurityFilterChain     : Creating filter chain: any request, [org.springframework.security.web.context.request.async.WebAsyncManagerIntegrationFilter@589fb74d, org.springframework.security.web.context.SecurityContextPersistenceFilter@7c0df4ab, org.springframework.security.web.header.HeaderWriterFilter@6afbe6a1, org.springframework.security.web.csrf.CsrfFilter@677349fb, org.springframework.security.web.authentication.logout.LogoutFilter@6818fd48, org.springframework.security.web.authentication.www.BasicAuthenticationFilter@2dd0a0d0, org.springframework.security.web.savedrequest.RequestCacheAwareFilter@388be5fd, org.springframework.security.web.servletapi.SecurityContextHolderAwareRequestFilter@54326e9, org.springframework.security.web.authentication.AnonymousAuthenticationFilter@200d1a3d, org.springframework.security.web.session.SessionManagementFilter@3915e7c3, org.springframework.security.web.access.ExceptionTranslationFilter@18c880ea, org.springframework.security.web.access.intercept.FilterSecurityInterceptor@482ba4b1]
2019-07-19 20:30:48.431  INFO 16429 --- [main] o.s.b.a.e.web.EndpointLinksResolver      : Exposing 21 endpoint(s) beneath base path '/actuator'
2019-07-19 20:30:48.564  INFO 16429 --- [main] o.s.b.w.embedded.tomcat.TomcatWebServer  : Tomcat started on port(s): 8080 (http) with context path ''
2019-07-19 20:30:48.567  INFO 16429 --- [main] c.config.client.ConfigClientApplication  : Started ConfigClientApplication in 4.206 seconds (JVM running for 4.723)
2019-07-19 20:30:48.913  INFO 16429 --- [RMI TCP Connection(3)-10.0.0.166] o.a.c.c.C.[Tomcat].[localhost].[/]       : Initializing Spring DispatcherServlet 'dispatcherServlet'
2019-07-19 20:30:48.913  INFO 16429 --- [RMI TCP Connection(3)-10.0.0.166] o.s.web.servlet.DispatcherServlet        : Initializing Servlet 'dispatcherServlet'
2019-07-19 20:30:48.915  INFO 16429 --- [RMI TCP Connection(2)-10.0.0.166] c.c.c.ConfigServicePropertySourceLocator : Fetching config from server at : http://localhost:8888
2019-07-19 20:30:48.920  INFO 16429 --- [RMI TCP Connection(3)-10.0.0.166] o.s.web.servlet.DispatcherServlet        : Completed initialization in 7 ms
2019-07-19 20:30:49.243  INFO 16429 --- [RMI TCP Connection(2)-10.0.0.166] c.c.c.ConfigServicePropertySourceLocator : Located environment: name=SpringBootJwtAuthentication, profiles=[int], label=dev, version=a15f748b4d487263e9849926b914c102af948726, state=null
2019-07-19 20:32:43.834  INFO 16429 --- [http-nio-8080-exec-3] o.a.c.c.C.[Tomcat].[localhost].[/]       : jolokia-actuator-endpoint: No access restrictor found, access to any MBean is allowed
2019-07-19 20:33:56.005  INFO 16429 --- [Thread-13] o.s.s.concurrent.ThreadPoolTaskExecutor  : Shutting down ExecutorService 'applicationTaskExecutor'
2019-07-19 20:34:02.038  INFO 16449 --- [main] c.c.c.ConfigServicePropertySourceLocator : Fetching config from server at : http://localhost:8888
2019-07-19 20:34:02.529  INFO 16449 --- [main] c.c.c.ConfigServicePropertySourceLocator : Located environment: name=SpringBootJwtAuthentication, profiles=[int], label=dev, version=a15f748b4d487263e9849926b914c102af948726, state=null
2019-07-19 20:34:02.529  INFO 16449 --- [main] b.c.PropertySourceBootstrapConfiguration : Located property source: CompositePropertySource {name='configService', propertySources=[MapPropertySource {name='configClient'}, MapPropertySource {name='https://github.com/manojchaulagain/config.git/SpringBootJwtAuthentication-int.properties'}]}
2019-07-19 20:34:02.556  INFO 16449 --- [main] c.config.client.ConfigClientApplication  : The following profiles are active: int
2019-07-19 20:34:03.190  INFO 16449 --- [main] o.s.cloud.context.scope.GenericScope     : BeanFactory id=8c434917-a626-3c34-ad64-aea8c15551a7
2019-07-19 20:34:03.213  INFO 16449 --- [main] trationDelegate$BeanPostProcessorChecker : Bean 'org.springframework.cloud.autoconfigure.ConfigurationPropertiesRebinderAutoConfiguration' of type [org.springframework.cloud.autoconfigure.ConfigurationPropertiesRebinderAutoConfiguration$$EnhancerBySpringCGLIB$$611629ed] is not eligible for getting processed by all BeanPostProcessors (for example: not eligible for auto-proxying)
2019-07-19 20:34:03.377  INFO 16449 --- [main] o.s.b.w.embedded.tomcat.TomcatWebServer  : Tomcat initialized with port(s): 8080 (http)
2019-07-19 20:34:03.396  INFO 16449 --- [main] o.apache.catalina.core.StandardService   : Starting service [Tomcat]
2019-07-19 20:34:03.396  INFO 16449 --- [main] org.apache.catalina.core.StandardEngine  : Starting Servlet engine: [Apache Tomcat/9.0.21]
2019-07-19 20:34:03.470  INFO 16449 --- [main] o.a.c.c.C.[Tomcat].[localhost].[/]       : Initializing Spring embedded WebApplicationContext
2019-07-19 20:34:03.470  INFO 16449 --- [main] o.s.web.context.ContextLoader            : Root WebApplicationContext: initialization completed in 905 ms
2019-07-19 20:34:03.850  INFO 16449 --- [main] o.s.b.a.e.web.ServletEndpointRegistrar   : Registered '/actuator/jolokia' to jolokia-actuator-endpoint
2019-07-19 20:34:04.050  INFO 16449 --- [main] o.s.s.concurrent.ThreadPoolTaskExecutor  : Initializing ExecutorService 'applicationTaskExecutor'
2019-07-19 20:34:04.350  INFO 16449 --- [main] o.s.s.web.DefaultSecurityFilterChain     : Creating filter chain: any request, [org.springframework.security.web.context.request.async.WebAsyncManagerIntegrationFilter@3457cc8d, org.springframework.security.web.context.SecurityContextPersistenceFilter@2dfa02c1, org.springframework.security.web.header.HeaderWriterFilter@6d7ad0f5, org.springframework.security.web.csrf.CsrfFilter@65cc5252, org.springframework.security.web.authentication.logout.LogoutFilter@5d7dd549, org.springframework.security.web.authentication.www.BasicAuthenticationFilter@4fea840f, org.springframework.security.web.savedrequest.RequestCacheAwareFilter@5785e813, org.springframework.security.web.servletapi.SecurityContextHolderAwareRequestFilter@53314f76, org.springframework.security.web.authentication.AnonymousAuthenticationFilter@7a66c35a, org.springframework.security.web.session.SessionManagementFilter@2c9306d3, org.springframework.security.web.access.ExceptionTranslationFilter@3e6ec74, org.springframework.security.web.access.intercept.FilterSecurityInterceptor@530ee28b]
2019-07-19 20:34:04.367  INFO 16449 --- [main] o.s.b.a.e.web.EndpointLinksResolver      : Exposing 21 endpoint(s) beneath base path '/actuator'
2019-07-19 20:34:04.494  INFO 16449 --- [main] o.s.b.w.embedded.tomcat.TomcatWebServer  : Tomcat started on port(s): 8080 (http) with context path ''
2019-07-19 20:34:04.497  INFO 16449 --- [main] c.config.client.ConfigClientApplication  : Started ConfigClientApplication in 3.379 seconds (JVM running for 4.063)
2019-07-19 20:34:04.858  INFO 16449 --- [RMI TCP Connection(2)-10.0.0.166] o.a.c.c.C.[Tomcat].[localhost].[/]       : Initializing Spring DispatcherServlet 'dispatcherServlet'
2019-07-19 20:34:04.858  INFO 16449 --- [RMI TCP Connection(2)-10.0.0.166] o.s.web.servlet.DispatcherServlet        : Initializing Servlet 'dispatcherServlet'
2019-07-19 20:34:04.859  INFO 16449 --- [RMI TCP Connection(1)-10.0.0.166] c.c.c.ConfigServicePropertySourceLocator : Fetching config from server at : http://localhost:8888
2019-07-19 20:34:04.865  INFO 16449 --- [RMI TCP Connection(2)-10.0.0.166] o.s.web.servlet.DispatcherServlet        : Completed initialization in 7 ms
2019-07-19 20:34:05.213  INFO 16449 --- [RMI TCP Connection(1)-10.0.0.166] c.c.c.ConfigServicePropertySourceLocator : Located environment: name=SpringBootJwtAuthentication, profiles=[int], label=dev, version=a15f748b4d487263e9849926b914c102af948726, state=null
2019-07-19 20:34:38.938  INFO 16449 --- [Thread-8] o.s.s.concurrent.ThreadPoolTaskExecutor  : Shutting down ExecutorService 'applicationTaskExecutor'
2019-07-19 20:34:45.211  INFO 16457 --- [main] c.c.c.ConfigServicePropertySourceLocator : Fetching config from server at : http://localhost:8888
2019-07-19 20:34:45.638  INFO 16457 --- [main] c.c.c.ConfigServicePropertySourceLocator : Located environment: name=SpringBootJwtAuthentication, profiles=[int], label=dev, version=a15f748b4d487263e9849926b914c102af948726, state=null
2019-07-19 20:34:45.638  INFO 16457 --- [main] b.c.PropertySourceBootstrapConfiguration : Located property source: CompositePropertySource {name='configService', propertySources=[MapPropertySource {name='configClient'}, MapPropertySource {name='https://github.com/manojchaulagain/config.git/SpringBootJwtAuthentication-int.properties'}]}
2019-07-19 20:34:45.665  INFO 16457 --- [main] c.config.client.ConfigClientApplication  : The following profiles are active: int
2019-07-19 20:34:46.225  INFO 16457 --- [main] o.s.cloud.context.scope.GenericScope     : BeanFactory id=8c434917-a626-3c34-ad64-aea8c15551a7
2019-07-19 20:34:46.242  INFO 16457 --- [main] trationDelegate$BeanPostProcessorChecker : Bean 'org.springframework.cloud.autoconfigure.ConfigurationPropertiesRebinderAutoConfiguration' of type [org.springframework.cloud.autoconfigure.ConfigurationPropertiesRebinderAutoConfiguration$$EnhancerBySpringCGLIB$$d553744f] is not eligible for getting processed by all BeanPostProcessors (for example: not eligible for auto-proxying)
2019-07-19 20:34:46.376  INFO 16457 --- [main] o.s.b.w.embedded.tomcat.TomcatWebServer  : Tomcat initialized with port(s): 8080 (http)
2019-07-19 20:34:46.392  INFO 16457 --- [main] o.apache.catalina.core.StandardService   : Starting service [Tomcat]
2019-07-19 20:34:46.392  INFO 16457 --- [main] org.apache.catalina.core.StandardEngine  : Starting Servlet engine: [Apache Tomcat/9.0.21]
2019-07-19 20:34:46.462  INFO 16457 --- [main] o.a.c.c.C.[Tomcat].[localhost].[/]       : Initializing Spring embedded WebApplicationContext
2019-07-19 20:34:46.462  INFO 16457 --- [main] o.s.web.context.ContextLoader            : Root WebApplicationContext: initialization completed in 789 ms
2019-07-19 20:34:46.791  INFO 16457 --- [main] o.s.b.a.e.web.ServletEndpointRegistrar   : Registered '/actuator/jolokia' to jolokia-actuator-endpoint
2019-07-19 20:34:46.954  INFO 16457 --- [main] o.s.s.concurrent.ThreadPoolTaskExecutor  : Initializing ExecutorService 'applicationTaskExecutor'
2019-07-19 20:34:47.266  INFO 16457 --- [main] o.s.s.web.DefaultSecurityFilterChain     : Creating filter chain: any request, [org.springframework.security.web.context.request.async.WebAsyncManagerIntegrationFilter@134a8ead, org.springframework.security.web.context.SecurityContextPersistenceFilter@5d2a86c0, org.springframework.security.web.header.HeaderWriterFilter@6f15f52a, org.springframework.security.web.csrf.CsrfFilter@53a301f3, org.springframework.security.web.authentication.logout.LogoutFilter@3a3883c4, org.springframework.security.web.authentication.www.BasicAuthenticationFilter@783b3aa0, org.springframework.security.web.savedrequest.RequestCacheAwareFilter@65bd19bf, org.springframework.security.web.servletapi.SecurityContextHolderAwareRequestFilter@6744707b, org.springframework.security.web.authentication.AnonymousAuthenticationFilter@427308f8, org.springframework.security.web.session.SessionManagementFilter@36510e73, org.springframework.security.web.access.ExceptionTranslationFilter@1b46392c, org.springframework.security.web.access.intercept.FilterSecurityInterceptor@133aacbe]
2019-07-19 20:34:47.289  INFO 16457 --- [main] o.s.b.a.e.web.EndpointLinksResolver      : Exposing 21 endpoint(s) beneath base path '/actuator'
2019-07-19 20:34:47.449  INFO 16457 --- [main] o.s.b.w.embedded.tomcat.TomcatWebServer  : Tomcat started on port(s): 8080 (http) with context path ''
2019-07-19 20:34:47.452  INFO 16457 --- [main] c.config.client.ConfigClientApplication  : Started ConfigClientApplication in 2.932 seconds (JVM running for 3.4)
2019-07-19 20:34:47.757  INFO 16457 --- [RMI TCP Connection(2)-10.0.0.166] o.a.c.c.C.[Tomcat].[localhost].[/]       : Initializing Spring DispatcherServlet 'dispatcherServlet'
2019-07-19 20:34:47.758  INFO 16457 --- [RMI TCP Connection(2)-10.0.0.166] o.s.web.servlet.DispatcherServlet        : Initializing Servlet 'dispatcherServlet'
2019-07-19 20:34:47.758  INFO 16457 --- [RMI TCP Connection(1)-10.0.0.166] c.c.c.ConfigServicePropertySourceLocator : Fetching config from server at : http://localhost:8888
2019-07-19 20:34:47.765  INFO 16457 --- [RMI TCP Connection(2)-10.0.0.166] o.s.web.servlet.DispatcherServlet        : Completed initialization in 7 ms
2019-07-19 20:34:48.127  INFO 16457 --- [RMI TCP Connection(1)-10.0.0.166] c.c.c.ConfigServicePropertySourceLocator : Located environment: name=SpringBootJwtAuthentication, profiles=[int], label=dev, version=a15f748b4d487263e9849926b914c102af948726, state=null
2019-07-19 20:35:20.109  INFO 16457 --- [http-nio-8080-exec-9] o.a.c.c.C.[Tomcat].[localhost].[/]       : jolokia-actuator-endpoint: No access restrictor found, access to any MBean is allowed
2019-07-19 20:35:35.297  WARN 16457 --- [http-nio-8080-exec-3] .w.s.m.s.DefaultHandlerExceptionResolver : Resolved [org.springframework.web.HttpRequestMethodNotSupportedException: Request method 'GET' not supported]
2019-07-19 20:47:18.341  INFO 16457 --- [Thread-10] o.s.s.concurrent.ThreadPoolTaskExecutor  : Shutting down ExecutorService 'applicationTaskExecutor'
2019-07-19 20:47:23.477  INFO 16528 --- [main] c.c.c.ConfigServicePropertySourceLocator : Fetching config from server at : http://localhost:8888
2019-07-19 20:47:23.998  INFO 16528 --- [main] c.c.c.ConfigServicePropertySourceLocator : Located environment: name=SpringBootJwtAuthentication, profiles=[int], label=dev, version=a15f748b4d487263e9849926b914c102af948726, state=null
2019-07-19 20:47:23.998  INFO 16528 --- [main] b.c.PropertySourceBootstrapConfiguration : Located property source: CompositePropertySource {name='configService', propertySources=[MapPropertySource {name='configClient'}, MapPropertySource {name='https://github.com/manojchaulagain/config.git/SpringBootJwtAuthentication-int.properties'}]}
2019-07-19 20:47:24.027  INFO 16528 --- [main] c.config.client.ConfigClientApplication  : The following profiles are active: int
2019-07-19 20:47:24.621  INFO 16528 --- [main] o.s.cloud.context.scope.GenericScope     : BeanFactory id=8c434917-a626-3c34-ad64-aea8c15551a7
2019-07-19 20:47:24.641  INFO 16528 --- [main] trationDelegate$BeanPostProcessorChecker : Bean 'org.springframework.cloud.autoconfigure.ConfigurationPropertiesRebinderAutoConfiguration' of type [org.springframework.cloud.autoconfigure.ConfigurationPropertiesRebinderAutoConfiguration$$EnhancerBySpringCGLIB$$4535f7b0] is not eligible for getting processed by all BeanPostProcessors (for example: not eligible for auto-proxying)
2019-07-19 20:47:24.776  INFO 16528 --- [main] o.s.b.w.embedded.tomcat.TomcatWebServer  : Tomcat initialized with port(s): 8080 (http)
2019-07-19 20:47:24.793  INFO 16528 --- [main] o.apache.catalina.core.StandardService   : Starting service [Tomcat]
2019-07-19 20:47:24.793  INFO 16528 --- [main] org.apache.catalina.core.StandardEngine  : Starting Servlet engine: [Apache Tomcat/9.0.21]
2019-07-19 20:47:24.868  INFO 16528 --- [main] o.a.c.c.C.[Tomcat].[localhost].[/]       : Initializing Spring embedded WebApplicationContext
2019-07-19 20:47:24.869  INFO 16528 --- [main] o.s.web.context.ContextLoader            : Root WebApplicationContext: initialization completed in 831 ms
2019-07-19 20:47:25.204  INFO 16528 --- [main] o.s.b.a.e.web.ServletEndpointRegistrar   : Registered '/actuator/jolokia' to jolokia-actuator-endpoint
2019-07-19 20:47:25.364  INFO 16528 --- [main] o.s.s.concurrent.ThreadPoolTaskExecutor  : Initializing ExecutorService 'applicationTaskExecutor'
2019-07-19 20:47:25.643  INFO 16528 --- [main] o.s.s.web.DefaultSecurityFilterChain     : Creating filter chain: any request, [org.springframework.security.web.context.request.async.WebAsyncManagerIntegrationFilter@6cdbe5ec, org.springframework.security.web.context.SecurityContextPersistenceFilter@59b492ec, org.springframework.security.web.header.HeaderWriterFilter@514377fc, org.springframework.security.web.csrf.CsrfFilter@3b170235, org.springframework.security.web.authentication.logout.LogoutFilter@2eb1c615, org.springframework.security.web.authentication.www.BasicAuthenticationFilter@7772d266, org.springframework.security.web.savedrequest.RequestCacheAwareFilter@49cc9b2a, org.springframework.security.web.servletapi.SecurityContextHolderAwareRequestFilter@35e74e08, org.springframework.security.web.authentication.AnonymousAuthenticationFilter@14b8a751, org.springframework.security.web.session.SessionManagementFilter@17216605, org.springframework.security.web.access.ExceptionTranslationFilter@4662752a, org.springframework.security.web.access.intercept.FilterSecurityInterceptor@7d66a126]
2019-07-19 20:47:25.662  INFO 16528 --- [main] o.s.b.a.e.web.EndpointLinksResolver      : Exposing 21 endpoint(s) beneath base path '/actuator'
2019-07-19 20:47:25.794  INFO 16528 --- [main] o.s.b.w.embedded.tomcat.TomcatWebServer  : Tomcat started on port(s): 8080 (http) with context path ''
2019-07-19 20:47:25.796  INFO 16528 --- [main] c.config.client.ConfigClientApplication  : Started ConfigClientApplication in 3.146 seconds (JVM running for 3.628)
2019-07-19 20:47:26.200  INFO 16528 --- [RMI TCP Connection(2)-10.0.0.166] o.a.c.c.C.[Tomcat].[localhost].[/]       : Initializing Spring DispatcherServlet 'dispatcherServlet'
2019-07-19 20:47:26.200  INFO 16528 --- [RMI TCP Connection(2)-10.0.0.166] o.s.web.servlet.DispatcherServlet        : Initializing Servlet 'dispatcherServlet'
2019-07-19 20:47:26.200  INFO 16528 --- [RMI TCP Connection(3)-10.0.0.166] c.c.c.ConfigServicePropertySourceLocator : Fetching config from server at : http://localhost:8888
2019-07-19 20:47:26.206  INFO 16528 --- [RMI TCP Connection(2)-10.0.0.166] o.s.web.servlet.DispatcherServlet        : Completed initialization in 6 ms
2019-07-19 20:47:26.542  INFO 16528 --- [RMI TCP Connection(3)-10.0.0.166] c.c.c.ConfigServicePropertySourceLocator : Located environment: name=SpringBootJwtAuthentication, profiles=[int], label=dev, version=a15f748b4d487263e9849926b914c102af948726, state=null
2019-07-19 20:51:13.495  INFO 16528 --- [Thread-11] o.s.s.concurrent.ThreadPoolTaskExecutor  : Shutting down ExecutorService 'applicationTaskExecutor'
2019-07-19 20:51:16.950  INFO 16551 --- [main] c.c.c.ConfigServicePropertySourceLocator : Fetching config from server at : http://localhost:8888
2019-07-19 20:51:17.421  INFO 16551 --- [main] c.c.c.ConfigServicePropertySourceLocator : Located environment: name=SpringBootJwtAuthentication, profiles=[int], label=dev, version=a15f748b4d487263e9849926b914c102af948726, state=null
2019-07-19 20:51:17.421  INFO 16551 --- [main] b.c.PropertySourceBootstrapConfiguration : Located property source: CompositePropertySource {name='configService', propertySources=[MapPropertySource {name='configClient'}, MapPropertySource {name='https://github.com/manojchaulagain/config.git/SpringBootJwtAuthentication-int.properties'}]}
2019-07-19 20:51:17.447  INFO 16551 --- [main] c.config.client.ConfigClientApplication  : The following profiles are active: int
2019-07-19 20:51:17.997  INFO 16551 --- [main] o.s.cloud.context.scope.GenericScope     : BeanFactory id=8c434917-a626-3c34-ad64-aea8c15551a7
2019-07-19 20:51:18.020  INFO 16551 --- [main] trationDelegate$BeanPostProcessorChecker : Bean 'org.springframework.cloud.autoconfigure.ConfigurationPropertiesRebinderAutoConfiguration' of type [org.springframework.cloud.autoconfigure.ConfigurationPropertiesRebinderAutoConfiguration$$EnhancerBySpringCGLIB$$86f6a67d] is not eligible for getting processed by all BeanPostProcessors (for example: not eligible for auto-proxying)
2019-07-19 20:51:18.192  INFO 16551 --- [main] o.s.b.w.embedded.tomcat.TomcatWebServer  : Tomcat initialized with port(s): 8080 (http)
2019-07-19 20:51:18.213  INFO 16551 --- [main] o.apache.catalina.core.StandardService   : Starting service [Tomcat]
2019-07-19 20:51:18.213  INFO 16551 --- [main] org.apache.catalina.core.StandardEngine  : Starting Servlet engine: [Apache Tomcat/9.0.21]
2019-07-19 20:51:18.297  INFO 16551 --- [main] o.a.c.c.C.[Tomcat].[localhost].[/]       : Initializing Spring embedded WebApplicationContext
2019-07-19 20:51:18.297  INFO 16551 --- [main] o.s.web.context.ContextLoader            : Root WebApplicationContext: initialization completed in 842 ms
2019-07-19 20:51:18.629  INFO 16551 --- [main] o.s.b.a.e.web.ServletEndpointRegistrar   : Registered '/actuator/jolokia' to jolokia-actuator-endpoint
2019-07-19 20:51:18.790  INFO 16551 --- [main] o.s.s.concurrent.ThreadPoolTaskExecutor  : Initializing ExecutorService 'applicationTaskExecutor'
2019-07-19 20:51:19.082  INFO 16551 --- [main] o.s.s.web.DefaultSecurityFilterChain     : Creating filter chain: any request, [org.springframework.security.web.context.request.async.WebAsyncManagerIntegrationFilter@a056b26, org.springframework.security.web.context.SecurityContextPersistenceFilter@720f56e2, org.springframework.security.web.header.HeaderWriterFilter@65f3e805, org.springframework.security.web.csrf.CsrfFilter@e0d1dc4, org.springframework.security.web.authentication.logout.LogoutFilter@10e9a5fe, org.springframework.security.web.authentication.www.BasicAuthenticationFilter@7ae590f6, org.springframework.security.web.savedrequest.RequestCacheAwareFilter@4466cf5d, org.springframework.security.web.servletapi.SecurityContextHolderAwareRequestFilter@5345dfe8, org.springframework.security.web.authentication.AnonymousAuthenticationFilter@2a5abd3c, org.springframework.security.web.session.SessionManagementFilter@f559c74, org.springframework.security.web.access.ExceptionTranslationFilter@b506ed0, org.springframework.security.web.access.intercept.FilterSecurityInterceptor@62e73ab6]
2019-07-19 20:51:19.101  INFO 16551 --- [main] o.s.b.a.e.web.EndpointLinksResolver      : Exposing 21 endpoint(s) beneath base path '/actuator'
2019-07-19 20:51:19.233  INFO 16551 --- [main] o.s.b.w.embedded.tomcat.TomcatWebServer  : Tomcat started on port(s): 8080 (http) with context path ''
2019-07-19 20:51:19.235  INFO 16551 --- [main] c.config.client.ConfigClientApplication  : Started ConfigClientApplication in 3.031 seconds (JVM running for 3.794)
2019-07-19 20:51:19.676  INFO 16551 --- [RMI TCP Connection(2)-10.0.0.166] o.a.c.c.C.[Tomcat].[localhost].[/]       : Initializing Spring DispatcherServlet 'dispatcherServlet'
2019-07-19 20:51:19.676  INFO 16551 --- [RMI TCP Connection(2)-10.0.0.166] o.s.web.servlet.DispatcherServlet        : Initializing Servlet 'dispatcherServlet'
2019-07-19 20:51:19.677  INFO 16551 --- [RMI TCP Connection(1)-10.0.0.166] c.c.c.ConfigServicePropertySourceLocator : Fetching config from server at : http://localhost:8888
2019-07-19 20:51:19.683  INFO 16551 --- [RMI TCP Connection(2)-10.0.0.166] o.s.web.servlet.DispatcherServlet        : Completed initialization in 6 ms
2019-07-19 20:51:20.023  INFO 16551 --- [RMI TCP Connection(1)-10.0.0.166] c.c.c.ConfigServicePropertySourceLocator : Located environment: name=SpringBootJwtAuthentication, profiles=[int], label=dev, version=a15f748b4d487263e9849926b914c102af948726, state=null
2019-07-19 21:33:21.457  INFO 16551 --- [Thread-11] o.s.s.concurrent.ThreadPoolTaskExecutor  : Shutting down ExecutorService 'applicationTaskExecutor'
2019-07-19 21:33:30.535  INFO 16714 --- [main] c.c.c.ConfigServicePropertySourceLocator : Fetching config from server at : http://localhost:8888
2019-07-19 21:33:31.131  INFO 16714 --- [main] c.c.c.ConfigServicePropertySourceLocator : Located environment: name=SpringBootJwtAuthentication, profiles=[int], label=dev, version=a15f748b4d487263e9849926b914c102af948726, state=null
2019-07-19 21:33:31.131  INFO 16714 --- [main] b.c.PropertySourceBootstrapConfiguration : Located property source: CompositePropertySource {name='configService', propertySources=[MapPropertySource {name='configClient'}, MapPropertySource {name='https://github.com/manojchaulagain/config.git/SpringBootJwtAuthentication-int.properties'}]}
2019-07-19 21:33:31.157  INFO 16714 --- [main] c.config.client.ConfigClientApplication  : The following profiles are active: int
2019-07-19 21:33:31.832  INFO 16714 --- [main] o.s.cloud.context.scope.GenericScope     : BeanFactory id=8c434917-a626-3c34-ad64-aea8c15551a7
2019-07-19 21:33:31.854  INFO 16714 --- [main] trationDelegate$BeanPostProcessorChecker : Bean 'org.springframework.cloud.autoconfigure.ConfigurationPropertiesRebinderAutoConfiguration' of type [org.springframework.cloud.autoconfigure.ConfigurationPropertiesRebinderAutoConfiguration$$EnhancerBySpringCGLIB$$a363f399] is not eligible for getting processed by all BeanPostProcessors (for example: not eligible for auto-proxying)
2019-07-19 21:33:32.022  INFO 16714 --- [main] o.s.b.w.embedded.tomcat.TomcatWebServer  : Tomcat initialized with port(s): 8080 (http)
2019-07-19 21:33:32.042  INFO 16714 --- [main] o.apache.catalina.core.StandardService   : Starting service [Tomcat]
2019-07-19 21:33:32.042  INFO 16714 --- [main] org.apache.catalina.core.StandardEngine  : Starting Servlet engine: [Apache Tomcat/9.0.21]
2019-07-19 21:33:32.125  INFO 16714 --- [main] o.a.c.c.C.[Tomcat].[localhost].[/]       : Initializing Spring embedded WebApplicationContext
2019-07-19 21:33:32.125  INFO 16714 --- [main] o.s.web.context.ContextLoader            : Root WebApplicationContext: initialization completed in 960 ms
2019-07-19 21:33:32.504  INFO 16714 --- [main] o.s.b.a.e.web.ServletEndpointRegistrar   : Registered '/actuator/jolokia' to jolokia-actuator-endpoint
2019-07-19 21:33:32.702  INFO 16714 --- [main] o.s.s.concurrent.ThreadPoolTaskExecutor  : Initializing ExecutorService 'applicationTaskExecutor'
2019-07-19 21:33:33.034  INFO 16714 --- [main] o.s.s.web.DefaultSecurityFilterChain     : Creating filter chain: any request, [org.springframework.security.web.context.request.async.WebAsyncManagerIntegrationFilter@5d14e99e, org.springframework.security.web.context.SecurityContextPersistenceFilter@7faa0680, org.springframework.security.web.header.HeaderWriterFilter@5b066c33, org.springframework.security.web.csrf.CsrfFilter@7f0d8eff, org.springframework.security.web.authentication.logout.LogoutFilter@53a301f3, org.springframework.security.web.authentication.www.BasicAuthenticationFilter@77896335, org.springframework.security.web.savedrequest.RequestCacheAwareFilter@4245bf68, org.springframework.security.web.servletapi.SecurityContextHolderAwareRequestFilter@649b5891, org.springframework.security.web.authentication.AnonymousAuthenticationFilter@38cfecf3, org.springframework.security.web.session.SessionManagementFilter@72af90e8, org.springframework.security.web.access.ExceptionTranslationFilter@79cb8ffa, org.springframework.security.web.access.intercept.FilterSecurityInterceptor@23ee2ccf]
2019-07-19 21:33:33.054  INFO 16714 --- [main] o.s.b.a.e.web.EndpointLinksResolver      : Exposing 21 endpoint(s) beneath base path '/actuator'
2019-07-19 21:33:33.220  INFO 16714 --- [main] o.s.b.w.embedded.tomcat.TomcatWebServer  : Tomcat started on port(s): 8080 (http) with context path ''
2019-07-19 21:33:33.223  INFO 16714 --- [main] c.config.client.ConfigClientApplication  : Started ConfigClientApplication in 3.467 seconds (JVM running for 3.877)
2019-07-19 21:33:33.659  INFO 16714 --- [RMI TCP Connection(3)-10.0.0.166] o.a.c.c.C.[Tomcat].[localhost].[/]       : Initializing Spring DispatcherServlet 'dispatcherServlet'
2019-07-19 21:33:33.659  INFO 16714 --- [RMI TCP Connection(3)-10.0.0.166] o.s.web.servlet.DispatcherServlet        : Initializing Servlet 'dispatcherServlet'
2019-07-19 21:33:33.659  INFO 16714 --- [RMI TCP Connection(4)-10.0.0.166] c.c.c.ConfigServicePropertySourceLocator : Fetching config from server at : http://localhost:8888
2019-07-19 21:33:33.667  INFO 16714 --- [RMI TCP Connection(3)-10.0.0.166] o.s.web.servlet.DispatcherServlet        : Completed initialization in 8 ms
2019-07-19 21:33:34.025  INFO 16714 --- [RMI TCP Connection(4)-10.0.0.166] c.c.c.ConfigServicePropertySourceLocator : Located environment: name=SpringBootJwtAuthentication, profiles=[int], label=dev, version=a15f748b4d487263e9849926b914c102af948726, state=null
2019-07-19 21:39:08.184  INFO 16714 --- [Thread-8] o.s.s.concurrent.ThreadPoolTaskExecutor  : Shutting down ExecutorService 'applicationTaskExecutor'
2019-07-19 21:39:13.496  INFO 16773 --- [main] c.c.c.ConfigServicePropertySourceLocator : Fetching config from server at : http://localhost:8888
2019-07-19 21:39:13.976  INFO 16773 --- [main] c.c.c.ConfigServicePropertySourceLocator : Located environment: name=SpringBootJwtAuthentication, profiles=[int], label=dev, version=a15f748b4d487263e9849926b914c102af948726, state=null
2019-07-19 21:39:13.976  INFO 16773 --- [main] b.c.PropertySourceBootstrapConfiguration : Located property source: CompositePropertySource {name='configService', propertySources=[MapPropertySource {name='configClient'}, MapPropertySource {name='https://github.com/manojchaulagain/config.git/SpringBootJwtAuthentication-int.properties'}]}
2019-07-19 21:39:14.006  INFO 16773 --- [main] c.config.client.ConfigClientApplication  : The following profiles are active: int
2019-07-19 21:39:14.807  INFO 16773 --- [main] o.s.cloud.context.scope.GenericScope     : BeanFactory id=8c434917-a626-3c34-ad64-aea8c15551a7
2019-07-19 21:39:14.830  INFO 16773 --- [main] trationDelegate$BeanPostProcessorChecker : Bean 'org.springframework.cloud.autoconfigure.ConfigurationPropertiesRebinderAutoConfiguration' of type [org.springframework.cloud.autoconfigure.ConfigurationPropertiesRebinderAutoConfiguration$$EnhancerBySpringCGLIB$$bded14c5] is not eligible for getting processed by all BeanPostProcessors (for example: not eligible for auto-proxying)
2019-07-19 21:39:15.004  INFO 16773 --- [main] o.s.b.w.embedded.tomcat.TomcatWebServer  : Tomcat initialized with port(s): 8080 (http)
2019-07-19 21:39:15.026  INFO 16773 --- [main] o.apache.catalina.core.StandardService   : Starting service [Tomcat]
2019-07-19 21:39:15.026  INFO 16773 --- [main] org.apache.catalina.core.StandardEngine  : Starting Servlet engine: [Apache Tomcat/9.0.21]
2019-07-19 21:39:15.111  INFO 16773 --- [main] o.a.c.c.C.[Tomcat].[localhost].[/]       : Initializing Spring embedded WebApplicationContext
2019-07-19 21:39:15.111  INFO 16773 --- [main] o.s.web.context.ContextLoader            : Root WebApplicationContext: initialization completed in 1095 ms
2019-07-19 21:39:15.517  INFO 16773 --- [main] o.s.b.a.e.web.ServletEndpointRegistrar   : Registered '/actuator/jolokia' to jolokia-actuator-endpoint
2019-07-19 21:39:15.744  INFO 16773 --- [main] o.s.s.concurrent.ThreadPoolTaskExecutor  : Initializing ExecutorService 'applicationTaskExecutor'
2019-07-19 21:39:16.068  INFO 16773 --- [main] o.s.s.web.DefaultSecurityFilterChain     : Creating filter chain: any request, [org.springframework.security.web.context.request.async.WebAsyncManagerIntegrationFilter@2baac4a7, org.springframework.security.web.context.SecurityContextPersistenceFilter@787178b1, org.springframework.security.web.header.HeaderWriterFilter@2bba35ef, org.springframework.security.web.csrf.CsrfFilter@49754e74, org.springframework.security.web.authentication.logout.LogoutFilter@103c97ff, org.springframework.security.web.authentication.www.BasicAuthenticationFilter@8f57e4c, org.springframework.security.web.savedrequest.RequestCacheAwareFilter@27da994b, org.springframework.security.web.servletapi.SecurityContextHolderAwareRequestFilter@433ef204, org.springframework.security.web.authentication.AnonymousAuthenticationFilter@23ad2d17, org.springframework.security.web.session.SessionManagementFilter@4d69d288, org.springframework.security.web.access.ExceptionTranslationFilter@74697863, org.springframework.security.web.access.intercept.FilterSecurityInterceptor@54247647]
2019-07-19 21:39:16.087  INFO 16773 --- [main] o.s.b.a.e.web.EndpointLinksResolver      : Exposing 21 endpoint(s) beneath base path '/actuator'
2019-07-19 21:39:16.220  INFO 16773 --- [main] o.s.b.w.embedded.tomcat.TomcatWebServer  : Tomcat started on port(s): 8080 (http) with context path ''
2019-07-19 21:39:16.223  INFO 16773 --- [main] c.config.client.ConfigClientApplication  : Started ConfigClientApplication in 3.603 seconds (JVM running for 4.153)
2019-07-19 21:39:16.443  INFO 16773 --- [RMI TCP Connection(2)-10.0.0.166] o.a.c.c.C.[Tomcat].[localhost].[/]       : Initializing Spring DispatcherServlet 'dispatcherServlet'
2019-07-19 21:39:16.444  INFO 16773 --- [RMI TCP Connection(2)-10.0.0.166] o.s.web.servlet.DispatcherServlet        : Initializing Servlet 'dispatcherServlet'
2019-07-19 21:39:16.444  INFO 16773 --- [RMI TCP Connection(1)-10.0.0.166] c.c.c.ConfigServicePropertySourceLocator : Fetching config from server at : http://localhost:8888
2019-07-19 21:39:16.450  INFO 16773 --- [RMI TCP Connection(2)-10.0.0.166] o.s.web.servlet.DispatcherServlet        : Completed initialization in 6 ms
2019-07-19 21:39:16.820  INFO 16773 --- [RMI TCP Connection(1)-10.0.0.166] c.c.c.ConfigServicePropertySourceLocator : Located environment: name=SpringBootJwtAuthentication, profiles=[int], label=dev, version=a15f748b4d487263e9849926b914c102af948726, state=null
2019-07-19 21:44:42.077  INFO 16773 --- [Thread-7] o.s.s.concurrent.ThreadPoolTaskExecutor  : Shutting down ExecutorService 'applicationTaskExecutor'
2019-07-19 22:06:28.257  INFO 16956 --- [main] c.c.c.ConfigServicePropertySourceLocator : Fetching config from server at : http://localhost:8888
2019-07-19 22:06:28.855  INFO 16956 --- [main] c.c.c.ConfigServicePropertySourceLocator : Located environment: name=SpringBootJwtAuthentication, profiles=[int], label=dev, version=a15f748b4d487263e9849926b914c102af948726, state=null
2019-07-19 22:06:28.856  INFO 16956 --- [main] b.c.PropertySourceBootstrapConfiguration : Located property source: CompositePropertySource {name='configService', propertySources=[MapPropertySource {name='configClient'}, MapPropertySource {name='https://github.com/manojchaulagain/config.git/SpringBootJwtAuthentication-int.properties'}]}
2019-07-19 22:06:28.885  INFO 16956 --- [main] c.config.client.ConfigClientApplication  : The following profiles are active: int
2019-07-19 22:06:29.611  INFO 16956 --- [main] o.s.cloud.context.scope.GenericScope     : BeanFactory id=8c434917-a626-3c34-ad64-aea8c15551a7
2019-07-19 22:06:29.629  INFO 16956 --- [main] trationDelegate$BeanPostProcessorChecker : Bean 'org.springframework.cloud.autoconfigure.ConfigurationPropertiesRebinderAutoConfiguration' of type [org.springframework.cloud.autoconfigure.ConfigurationPropertiesRebinderAutoConfiguration$$EnhancerBySpringCGLIB$$4535f7b0] is not eligible for getting processed by all BeanPostProcessors (for example: not eligible for auto-proxying)
2019-07-19 22:06:29.768  INFO 16956 --- [main] o.s.b.w.embedded.tomcat.TomcatWebServer  : Tomcat initialized with port(s): 8080 (http)
2019-07-19 22:06:29.784  INFO 16956 --- [main] o.apache.catalina.core.StandardService   : Starting service [Tomcat]
2019-07-19 22:06:29.784  INFO 16956 --- [main] org.apache.catalina.core.StandardEngine  : Starting Servlet engine: [Apache Tomcat/9.0.21]
2019-07-19 22:06:29.852  INFO 16956 --- [main] o.a.c.c.C.[Tomcat].[localhost].[/]       : Initializing Spring embedded WebApplicationContext
2019-07-19 22:06:29.853  INFO 16956 --- [main] o.s.web.context.ContextLoader            : Root WebApplicationContext: initialization completed in 957 ms
2019-07-19 22:06:30.206  INFO 16956 --- [main] o.s.b.a.e.web.ServletEndpointRegistrar   : Registered '/actuator/jolokia' to jolokia-actuator-endpoint
2019-07-19 22:06:30.367  INFO 16956 --- [main] o.s.s.concurrent.ThreadPoolTaskExecutor  : Initializing ExecutorService 'applicationTaskExecutor'
2019-07-19 22:06:30.653  INFO 16956 --- [main] o.s.s.web.DefaultSecurityFilterChain     : Creating filter chain: any request, [org.springframework.security.web.context.request.async.WebAsyncManagerIntegrationFilter@2ee92e7d, org.springframework.security.web.context.SecurityContextPersistenceFilter@17216605, org.springframework.security.web.header.HeaderWriterFilter@4662752a, org.springframework.security.web.csrf.CsrfFilter@6c8efde4, org.springframework.security.web.authentication.logout.LogoutFilter@38087342, org.springframework.security.web.authentication.www.BasicAuthenticationFilter@733f1395, org.springframework.security.web.savedrequest.RequestCacheAwareFilter@59b492ec, org.springframework.security.web.servletapi.SecurityContextHolderAwareRequestFilter@70b33256, org.springframework.security.web.authentication.AnonymousAuthenticationFilter@759a678a, org.springframework.security.web.session.SessionManagementFilter@3ace6346, org.springframework.security.web.access.ExceptionTranslationFilter@9263c54, org.springframework.security.web.access.intercept.FilterSecurityInterceptor@6eda012b]
2019-07-19 22:06:30.671  INFO 16956 --- [main] o.s.b.a.e.web.EndpointLinksResolver      : Exposing 21 endpoint(s) beneath base path '/actuator'
2019-07-19 22:06:30.799  INFO 16956 --- [main] o.s.b.w.embedded.tomcat.TomcatWebServer  : Tomcat started on port(s): 8080 (http) with context path ''
2019-07-19 22:06:30.802  INFO 16956 --- [main] c.config.client.ConfigClientApplication  : Started ConfigClientApplication in 3.406 seconds (JVM running for 3.909)
2019-07-19 22:06:30.954  INFO 16956 --- [RMI TCP Connection(2)-10.0.0.166] o.a.c.c.C.[Tomcat].[localhost].[/]       : Initializing Spring DispatcherServlet 'dispatcherServlet'
2019-07-19 22:06:30.955  INFO 16956 --- [RMI TCP Connection(2)-10.0.0.166] o.s.web.servlet.DispatcherServlet        : Initializing Servlet 'dispatcherServlet'
2019-07-19 22:06:30.955  INFO 16956 --- [RMI TCP Connection(1)-10.0.0.166] c.c.c.ConfigServicePropertySourceLocator : Fetching config from server at : http://localhost:8888
2019-07-19 22:06:30.961  INFO 16956 --- [RMI TCP Connection(2)-10.0.0.166] o.s.web.servlet.DispatcherServlet        : Completed initialization in 6 ms
2019-07-19 22:06:31.313  INFO 16956 --- [RMI TCP Connection(1)-10.0.0.166] c.c.c.ConfigServicePropertySourceLocator : Located environment: name=SpringBootJwtAuthentication, profiles=[int], label=dev, version=a15f748b4d487263e9849926b914c102af948726, state=null
