2019-07-19 21:46:26.900  INFO 16862 --- [main] c.c.c.ConfigServicePropertySourceLocator : Fetching config from server at : http://localhost:8888
2019-07-19 21:46:27.591  INFO 16862 --- [main] c.c.c.ConfigServicePropertySourceLocator : Located environment: name=SpringBootJwtAuthentication, profiles=[default], label=dev, version=a15f748b4d487263e9849926b914c102af948726, state=null
2019-07-19 21:46:27.591  INFO 16862 --- [main] b.c.PropertySourceBootstrapConfiguration : Located property source: CompositePropertySource {name='configService', propertySources=[MapPropertySource {name='configClient'}]}
2019-07-19 21:46:27.623  INFO 16862 --- [main] c.config.client.ConfigClientApplication  : No active profile set, falling back to default profiles: default
2019-07-19 21:46:28.598  INFO 16862 --- [main] o.s.cloud.context.scope.GenericScope     : BeanFactory id=419bff96-88c7-319b-92e1-58e82c68eec4
2019-07-19 21:46:28.634  INFO 16862 --- [main] trationDelegate$BeanPostProcessorChecker : Bean 'org.springframework.cloud.autoconfigure.ConfigurationPropertiesRebinderAutoConfiguration' of type [org.springframework.cloud.autoconfigure.ConfigurationPropertiesRebinderAutoConfiguration$$EnhancerBySpringCGLIB$$9c3fee6c] is not eligible for getting processed by all BeanPostProcessors (for example: not eligible for auto-proxying)
2019-07-19 21:46:28.893  INFO 16862 --- [main] o.s.b.w.embedded.tomcat.TomcatWebServer  : Tomcat initialized with port(s): 8080 (http)
2019-07-19 21:46:28.926  INFO 16862 --- [main] o.apache.catalina.core.StandardService   : Starting service [Tomcat]
2019-07-19 21:46:28.927  INFO 16862 --- [main] org.apache.catalina.core.StandardEngine  : Starting Servlet engine: [Apache Tomcat/9.0.21]
2019-07-19 21:46:29.039  INFO 16862 --- [main] o.a.c.c.C.[Tomcat].[localhost].[/]       : Initializing Spring embedded WebApplicationContext
2019-07-19 21:46:29.039  INFO 16862 --- [main] o.s.web.context.ContextLoader            : Root WebApplicationContext: initialization completed in 1403 ms
2019-07-19 21:46:29.434  INFO 16862 --- [main] o.s.b.a.e.web.ServletEndpointRegistrar   : Registered '/actuator/jolokia' to jolokia-actuator-endpoint
2019-07-19 21:46:29.710  INFO 16862 --- [main] o.s.s.concurrent.ThreadPoolTaskExecutor  : Initializing ExecutorService 'applicationTaskExecutor'
2019-07-19 21:46:30.252  INFO 16862 --- [main] o.s.s.web.DefaultSecurityFilterChain     : Creating filter chain: any request, [org.springframework.security.web.context.request.async.WebAsyncManagerIntegrationFilter@100f9bbe, org.springframework.security.web.context.SecurityContextPersistenceFilter@210f0cc1, org.springframework.security.web.header.HeaderWriterFilter@43d455c9, org.springframework.security.web.csrf.CsrfFilter@5f233b26, org.springframework.security.web.authentication.logout.LogoutFilter@74a195a4, org.springframework.security.web.authentication.www.BasicAuthenticationFilter@edf4f36, org.springframework.security.web.savedrequest.RequestCacheAwareFilter@6f95cd51, org.springframework.security.web.servletapi.SecurityContextHolderAwareRequestFilter@6d868997, org.springframework.security.web.authentication.AnonymousAuthenticationFilter@13e9f2e2, org.springframework.security.web.session.SessionManagementFilter@9ec531, org.springframework.security.web.access.ExceptionTranslationFilter@6974a715, org.springframework.security.web.access.intercept.FilterSecurityInterceptor@3956b302]
2019-07-19 21:46:30.281  INFO 16862 --- [main] o.s.b.a.e.web.EndpointLinksResolver      : Exposing 21 endpoint(s) beneath base path '/actuator'
2019-07-19 21:46:30.438  INFO 16862 --- [main] o.s.b.w.embedded.tomcat.TomcatWebServer  : Tomcat started on port(s): 8080 (http) with context path ''
2019-07-19 21:46:30.442  INFO 16862 --- [main] c.config.client.ConfigClientApplication  : Started ConfigClientApplication in 4.766 seconds (JVM running for 6.319)
2019-07-19 21:46:34.196  INFO 16862 --- [http-nio-8080-exec-1] o.a.c.c.C.[Tomcat].[localhost].[/]       : Initializing Spring DispatcherServlet 'dispatcherServlet'
2019-07-19 21:46:34.196  INFO 16862 --- [http-nio-8080-exec-1] o.s.web.servlet.DispatcherServlet        : Initializing Servlet 'dispatcherServlet'
2019-07-19 21:46:34.206  INFO 16862 --- [http-nio-8080-exec-1] o.s.web.servlet.DispatcherServlet        : Completed initialization in 10 ms
2019-07-19 21:55:04.752  INFO 16862 --- [Thread-6] o.s.s.concurrent.ThreadPoolTaskExecutor  : Shutting down ExecutorService 'applicationTaskExecutor'
2019-07-19 21:55:30.508  INFO 16889 --- [main] c.c.c.ConfigServicePropertySourceLocator : Fetching config from server at : http://localhost:8888
2019-07-19 21:55:31.198  INFO 16889 --- [main] c.c.c.ConfigServicePropertySourceLocator : Located environment: name=SpringBootJwtAuthentication, profiles=[default], label=dev, version=a15f748b4d487263e9849926b914c102af948726, state=null
2019-07-19 21:55:31.199  INFO 16889 --- [main] b.c.PropertySourceBootstrapConfiguration : Located property source: CompositePropertySource {name='configService', propertySources=[MapPropertySource {name='configClient'}]}
2019-07-19 21:55:31.235  INFO 16889 --- [main] c.config.client.ConfigClientApplication  : No active profile set, falling back to default profiles: default
2019-07-19 21:55:32.348  INFO 16889 --- [main] o.s.cloud.context.scope.GenericScope     : BeanFactory id=419bff96-88c7-319b-92e1-58e82c68eec4
2019-07-19 21:55:32.397  INFO 16889 --- [main] trationDelegate$BeanPostProcessorChecker : Bean 'org.springframework.cloud.autoconfigure.ConfigurationPropertiesRebinderAutoConfiguration' of type [org.springframework.cloud.autoconfigure.ConfigurationPropertiesRebinderAutoConfiguration$$EnhancerBySpringCGLIB$$79060129] is not eligible for getting processed by all BeanPostProcessors (for example: not eligible for auto-proxying)
2019-07-19 21:55:32.933  INFO 16889 --- [main] o.s.b.w.embedded.tomcat.TomcatWebServer  : Tomcat initialized with port(s): 8080 (http)
2019-07-19 21:55:32.984  INFO 16889 --- [main] o.apache.catalina.core.StandardService   : Starting service [Tomcat]
2019-07-19 21:55:32.985  INFO 16889 --- [main] org.apache.catalina.core.StandardEngine  : Starting Servlet engine: [Apache Tomcat/9.0.21]
2019-07-19 21:55:33.126  INFO 16889 --- [main] o.a.c.c.C.[Tomcat].[localhost].[/]       : Initializing Spring embedded WebApplicationContext
2019-07-19 21:55:33.126  INFO 16889 --- [main] o.s.web.context.ContextLoader            : Root WebApplicationContext: initialization completed in 1879 ms
2019-07-19 21:55:33.529  INFO 16889 --- [main] o.s.b.a.e.web.ServletEndpointRegistrar   : Registered '/actuator/jolokia' to jolokia-actuator-endpoint
2019-07-19 21:55:33.848  INFO 16889 --- [main] o.s.s.concurrent.ThreadPoolTaskExecutor  : Initializing ExecutorService 'applicationTaskExecutor'
2019-07-19 21:55:34.516  INFO 16889 --- [main] o.s.s.web.DefaultSecurityFilterChain     : Creating filter chain: any request, [org.springframework.security.web.context.request.async.WebAsyncManagerIntegrationFilter@799f354a, org.springframework.security.web.context.SecurityContextPersistenceFilter@388be5fd, org.springframework.security.web.header.HeaderWriterFilter@3915e7c3, org.springframework.security.web.csrf.CsrfFilter@53feeac9, org.springframework.security.web.authentication.logout.LogoutFilter@3b170235, org.springframework.security.web.authentication.www.BasicAuthenticationFilter@6befbb12, org.springframework.security.web.savedrequest.RequestCacheAwareFilter@17fbfb02, org.springframework.security.web.servletapi.SecurityContextHolderAwareRequestFilter@6c8efde4, org.springframework.security.web.authentication.AnonymousAuthenticationFilter@33bdd01, org.springframework.security.web.session.SessionManagementFilter@7c0df4ab, org.springframework.security.web.access.ExceptionTranslationFilter@105db94d, org.springframework.security.web.access.intercept.FilterSecurityInterceptor@514377fc]
2019-07-19 21:55:34.550  INFO 16889 --- [main] o.s.b.a.e.web.EndpointLinksResolver      : Exposing 21 endpoint(s) beneath base path '/actuator'
2019-07-19 21:55:34.746  INFO 16889 --- [main] o.s.b.w.embedded.tomcat.TomcatWebServer  : Tomcat started on port(s): 8080 (http) with context path ''
2019-07-19 21:55:34.749  INFO 16889 --- [main] c.config.client.ConfigClientApplication  : Started ConfigClientApplication in 5.463 seconds (JVM running for 11.139)
2019-07-19 21:55:38.679  INFO 16889 --- [http-nio-8080-exec-1] o.a.c.c.C.[Tomcat].[localhost].[/]       : Initializing Spring DispatcherServlet 'dispatcherServlet'
2019-07-19 21:55:38.680  INFO 16889 --- [http-nio-8080-exec-1] o.s.web.servlet.DispatcherServlet        : Initializing Servlet 'dispatcherServlet'
2019-07-19 21:55:38.690  INFO 16889 --- [http-nio-8080-exec-1] o.s.web.servlet.DispatcherServlet        : Completed initialization in 10 ms
2019-07-19 22:02:36.112  WARN 16889 --- [http-nio-8080-exec-10] .w.s.m.s.DefaultHandlerExceptionResolver : Resolved [org.springframework.web.HttpRequestMethodNotSupportedException: Request method 'GET' not supported]
2019-07-19 22:06:14.780  INFO 16889 --- [Thread-22] o.s.s.concurrent.ThreadPoolTaskExecutor  : Shutting down ExecutorService 'applicationTaskExecutor'
